#
# There is insufficient memory for the Java Runtime Environment to continue.
# Native memory allocation (mmap) failed to map 125829120 bytes for committing reserved memory.
# Possible reasons:
#   The system is out of physical RAM or swap space
#   In 32 bit mode, the process size limit was hit
# Possible solutions:
#   Reduce memory load on the system
#   Increase physical memory or swap space
#   Check if swap backing store is full
#   Use 64 bit Java on a 64 bit OS
#   Decrease Java heap size (-Xmx/-Xms)
#   Decrease number of Java threads
#   Decrease Java thread stack sizes (-Xss)
#   Set larger code cache with -XX:ReservedCodeCacheSize=
# This output file may be truncated or incomplete.
#
#  Out of Memory Error (os_linux.cpp:2627), pid=32216, tid=139702814349056
#
# JRE version: Java(TM) SE Runtime Environment (8.0_91-b14) (build 1.8.0_91-b14)
# Java VM: Java HotSpot(TM) 64-Bit Server VM (25.91-b14 mixed mode linux-amd64 compressed oops)
# Failed to write core dump. Core dumps have been disabled. To enable core dumping, try "ulimit -c unlimited" before starting Java again
#

---------------  T H R E A D  ---------------

Current thread (0x00007f0f28143800):  VMThread [stack: 0x00007f0f188f9000,0x00007f0f189fa000] [id=32227]

Stack: [0x00007f0f188f9000,0x00007f0f189fa000],  sp=0x00007f0f189f80e0,  free space=1020k
Native frames: (J=compiled Java code, j=interpreted, Vv=VM code, C=native code)
V  [libjvm.so+0xabc18a]  VMError::report_and_die()+0x2ba
V  [libjvm.so+0x4fafeb]  report_vm_out_of_memory(char const*, int, unsigned long, VMErrorType, char const*)+0x8b
V  [libjvm.so+0x91cbb3]  os::Linux::commit_memory_impl(char*, unsigned long, bool)+0x103
V  [libjvm.so+0x91d109]  os::pd_commit_memory(char*, unsigned long, unsigned long, bool)+0x29
V  [libjvm.so+0x91740a]  os::commit_memory(char*, unsigned long, unsigned long, bool)+0x2a
V  [libjvm.so+0x98b033]  PSVirtualSpace::expand_by(unsigned long)+0x53
V  [libjvm.so+0x98c438]  PSYoungGen::resize_generation(unsigned long, unsigned long)+0xf8
V  [libjvm.so+0x98b592]  PSYoungGen::resize(unsigned long, unsigned long)+0x22
V  [libjvm.so+0x98886b]  PSScavenge::invoke_no_policy()+0xf3b
V  [libjvm.so+0x988ff1]  PSScavenge::invoke()+0x41
V  [libjvm.so+0x9408b0]  ParallelScavengeHeap::failed_mem_allocate(unsigned long)+0x70
V  [libjvm.so+0xabdba7]  VM_ParallelGCFailedAllocation::doit()+0x97
V  [libjvm.so+0xac55d5]  VM_Operation::evaluate()+0x55
V  [libjvm.so+0xac39aa]  VMThread::evaluate_operation(VM_Operation*)+0xba
V  [libjvm.so+0xac3d2e]  VMThread::loop()+0x1ce
V  [libjvm.so+0xac41a0]  VMThread::run()+0x70
V  [libjvm.so+0x91ef78]  java_start(Thread*)+0x108

VM_Operation (0x00007f0f316faf80): ParallelGCFailedAllocation, mode: safepoint, requested by thread 0x00007f0f2800e800


---------------  P R O C E S S  ---------------

Java Threads: ( => current thread )
  0x00007f0ebc00b000 JavaThread "JMX server connection timeout 37" daemon [_thread_blocked, id=32347, stack(0x00007f0f0a913000,0x00007f0f0aa14000)]
  0x00007f0ec8004000 JavaThread "RMI Scheduler(0)" daemon [_thread_blocked, id=32261, stack(0x00007f0f0aa14000,0x00007f0f0ab15000)]
  0x00007f0ed4001000 JavaThread "RMI TCP Connection(2)-127.0.0.1" daemon [_thread_blocked, id=32260, stack(0x00007f0f0ab15000,0x00007f0f0ac16000)]
  0x00007f0ed8001800 JavaThread "RMI TCP Connection(1)-127.0.0.1" daemon [_thread_in_native, id=32256, stack(0x00007f0f0ac16000,0x00007f0f0ad17000)]
  0x00007f0f284b1800 JavaThread "RMI TCP Accept-0" daemon [_thread_in_native, id=32252, stack(0x00007f0f0b119000,0x00007f0f0b21a000)]
  0x00007f0f284a9000 JavaThread "RMI TCP Accept-36773" daemon [_thread_in_native, id=32251, stack(0x00007f0f0b21a000,0x00007f0f0b31b000)]
  0x00007f0f28497000 JavaThread "RMI TCP Accept-0" daemon [_thread_in_native, id=32250, stack(0x00007f0f0b31b000,0x00007f0f0b41c000)]
  0x00007f0f28424800 JavaThread "Service Thread" daemon [_thread_blocked, id=32244, stack(0x00007f0f0b83a000,0x00007f0f0b93b000)]
  0x00007f0f28419800 JavaThread "C1 CompilerThread2" daemon [_thread_blocked, id=32243, stack(0x00007f0f0bb52000,0x00007f0f0bc53000)]
  0x00007f0f28417800 JavaThread "C2 CompilerThread1" daemon [_thread_blocked, id=32242, stack(0x00007f0f0bc53000,0x00007f0f0bd54000)]
  0x00007f0f28415800 JavaThread "C2 CompilerThread0" daemon [_thread_blocked, id=32241, stack(0x00007f0f0bd54000,0x00007f0f0be55000)]
  0x00007f0f28413000 JavaThread "Monitor Ctrl-Break" daemon [_thread_in_native, id=32240, stack(0x00007f0f0be55000,0x00007f0f0bf56000)]
  0x00007f0f28182800 JavaThread "Signal Dispatcher" daemon [_thread_blocked, id=32238, stack(0x00007f0f1014f000,0x00007f0f10250000)]
  0x00007f0f2814f800 JavaThread "Finalizer" daemon [_thread_blocked, id=32232, stack(0x00007f0f186f7000,0x00007f0f187f8000)]
  0x00007f0f2814b000 JavaThread "Reference Handler" daemon [_thread_blocked, id=32229, stack(0x00007f0f187f8000,0x00007f0f188f9000)]
  0x00007f0f2800e800 JavaThread "main" [_thread_blocked, id=32218, stack(0x00007f0f315fd000,0x00007f0f316fe000)]

Other Threads:
=>0x00007f0f28143800 VMThread [stack: 0x00007f0f188f9000,0x00007f0f189fa000] [id=32227]
  0x00007f0f284ba000 WatcherThread [stack: 0x00007f0f0b018000,0x00007f0f0b119000] [id=32253]

VM state:at safepoint (normal execution)

VM Mutex/Monitor currently owned by a thread:  ([mutex/lock_event])
[0x00007f0f2800aac0] Threads_lock - owner thread: 0x00007f0f28143800
[0x00007f0f2800afc0] Heap_lock - owner thread: 0x00007f0f2800e800

Heap:
 PSYoungGen      total 132096K, used 5108K [0x00000000d6e00000, 0x00000000df400000, 0x0000000100000000)
  eden space 126976K, 0% used [0x00000000d6e00000,0x00000000d6e00000,0x00000000dea00000)
  from space 5120K, 99% used [0x00000000dea00000,0x00000000deefd030,0x00000000def00000)
  to   space 5120K, 0% used [0x00000000def00000,0x00000000def00000,0x00000000df400000)
 ParOldGen       total 48128K, used 12746K [0x0000000084a00000, 0x0000000087900000, 0x00000000d6e00000)
  object space 48128K, 26% used [0x0000000084a00000,0x00000000856728f0,0x0000000087900000)
 Metaspace       used 26929K, capacity 27862K, committed 28032K, reserved 1073152K
  class space    used 3616K, capacity 3848K, committed 3968K, reserved 1048576K

Card table byte_map: [0x00007f0f2ddd4000,0x00007f0f2e1b0000] byte_map_base: 0x00007f0f2d9af000

Marking Bits: (ParMarkBitMap*) 0x00007f0f30acfd60
 Begin Bits: [0x00007f0f10250000, 0x00007f0f12128000)
 End Bits:   [0x00007f0f12128000, 0x00007f0f14000000)

Polling page: 0x00007f0f3171d000

CodeCache: size=245760Kb used=5734Kb max_used=5734Kb free=240025Kb
 bounds [0x00007f0f19000000, 0x00007f0f195a0000, 0x00007f0f28000000]
 total_blobs=3200 nmethods=2778 adapters=335
 compilation: enabled

Compilation events (10 events):
Event: 33.985 Thread 0x00007f0f28419800 nmethod 2783 0x00007f0f19598310 code [0x00007f0f19598460, 0x00007f0f195985f0]
Event: 34.016 Thread 0x00007f0f28419800 2780       1       java.lang.Class::privateGetDeclaredFields (67 bytes)
Event: 34.681 Thread 0x00007f0f28419800 nmethod 2780 0x00007f0f19598650 code [0x00007f0f19598800, 0x00007f0f19598b88]
Event: 34.701 Thread 0x00007f0f28419800 2784       1       java.io.ObjectStreamClass::getResolveException (5 bytes)
Event: 34.845 Thread 0x00007f0f28419800 nmethod 2784 0x00007f0f19598fd0 code [0x00007f0f19599120, 0x00007f0f19599230]
Event: 34.859 Thread 0x00007f0f28419800 2790       1       sun.security.provider.MD5::GG (33 bytes)
Event: 35.036 Thread 0x00007f0f28419800 nmethod 2790 0x00007f0f19599290 code [0x00007f0f195993e0, 0x00007f0f195994f0]
Event: 35.039 Thread 0x00007f0f28419800 2793       1       java.util.regex.Pattern$Slice::match (79 bytes)
Event: 35.190 Thread 0x00007f0f28419800 nmethod 2793 0x00007f0f19599550 code [0x00007f0f195996e0, 0x00007f0f19599918]
Event: 35.218 Thread 0x00007f0f28419800 2789       1       sun.security.provider.MD5::FF (33 bytes)

GC Heap History (10 events):
Event: 0.734 GC heap after
Heap after GC invocations=1 (full 0):
 PSYoungGen      total 36864K, used 4120K [0x00000000d6e00000, 0x00000000db600000, 0x0000000100000000)
  eden space 31744K, 0% used [0x00000000d6e00000,0x00000000d6e00000,0x00000000d8d00000)
  from space 5120K, 80% used [0x00000000d8d00000,0x00000000d9106228,0x00000000d9200000)
  to   space 5120K, 0% used [0x00000000db100000,0x00000000db100000,0x00000000db600000)
 ParOldGen       total 84992K, used 8K [0x0000000084a00000, 0x0000000089d00000, 0x00000000d6e00000)
  object space 84992K, 0% used [0x0000000084a00000,0x0000000084a02000,0x0000000089d00000)
 Metaspace       used 10275K, capacity 10512K, committed 10624K, reserved 1058816K
  class space    used 1278K, capacity 1368K, committed 1408K, reserved 1048576K
}
Event: 0.995 GC heap before
{Heap before GC invocations=2 (full 0):
 PSYoungGen      total 36864K, used 35864K [0x00000000d6e00000, 0x00000000db600000, 0x0000000100000000)
  eden space 31744K, 100% used [0x00000000d6e00000,0x00000000d8d00000,0x00000000d8d00000)
  from space 5120K, 80% used [0x00000000d8d00000,0x00000000d9106228,0x00000000d9200000)
  to   space 5120K, 0% used [0x00000000db100000,0x00000000db100000,0x00000000db600000)
 ParOldGen       total 84992K, used 8K [0x0000000084a00000, 0x0000000089d00000, 0x00000000d6e00000)
  object space 84992K, 0% used [0x0000000084a00000,0x0000000084a02000,0x0000000089d00000)
 Metaspace       used 14071K, capacity 14544K, committed 14848K, reserved 1062912K
  class space    used 1825K, capacity 1969K, committed 2048K, reserved 1048576K
Event: 1.013 GC heap after
Heap after GC invocations=2 (full 0):
 PSYoungGen      total 68608K, used 5098K [0x00000000d6e00000, 0x00000000db600000, 0x0000000100000000)
  eden space 63488K, 0% used [0x00000000d6e00000,0x00000000d6e00000,0x00000000dac00000)
  from space 5120K, 99% used [0x00000000db100000,0x00000000db5fa8b8,0x00000000db600000)
  to   space 5120K, 0% used [0x00000000dac00000,0x00000000dac00000,0x00000000db100000)
 ParOldGen       total 84992K, used 216K [0x0000000084a00000, 0x0000000089d00000, 0x00000000d6e00000)
  object space 84992K, 0% used [0x0000000084a00000,0x0000000084a36060,0x0000000089d00000)
 Metaspace       used 14071K, capacity 14544K, committed 14848K, reserved 1062912K
  class space    used 1825K, capacity 1969K, committed 2048K, reserved 1048576K
}
Event: 1.323 GC heap before
{Heap before GC invocations=3 (full 0):
 PSYoungGen      total 68608K, used 68586K [0x00000000d6e00000, 0x00000000db600000, 0x0000000100000000)
  eden space 63488K, 100% used [0x00000000d6e00000,0x00000000dac00000,0x00000000dac00000)
  from space 5120K, 99% used [0x00000000db100000,0x00000000db5fa8b8,0x00000000db600000)
  to   space 5120K, 0% used [0x00000000dac00000,0x00000000dac00000,0x00000000db100000)
 ParOldGen       total 84992K, used 216K [0x0000000084a00000, 0x0000000089d00000, 0x00000000d6e00000)
  object space 84992K, 0% used [0x0000000084a00000,0x0000000084a36060,0x0000000089d00000)
 Metaspace       used 19775K, capacity 20416K, committed 20608K, reserved 1067008K
  class space    used 2638K, capacity 2821K, committed 2944K, reserved 1048576K
Event: 1.337 GC heap after
Heap after GC invocations=3 (full 0):
 PSYoungGen      total 68608K, used 5088K [0x00000000d6e00000, 0x00000000df400000, 0x0000000100000000)
  eden space 63488K, 0% used [0x00000000d6e00000,0x00000000d6e00000,0x00000000dac00000)
  from space 5120K, 99% used [0x00000000dac00000,0x00000000db0f8020,0x00000000db100000)
  to   space 5120K, 0% used [0x00000000def00000,0x00000000def00000,0x00000000df400000)
 ParOldGen       total 84992K, used 5231K [0x0000000084a00000, 0x0000000089d00000, 0x00000000d6e00000)
  object space 84992K, 6% used [0x0000000084a00000,0x0000000084f1be08,0x0000000089d00000)
 Metaspace       used 19775K, capacity 20416K, committed 20608K, reserved 1067008K
  class space    used 2638K, capacity 2821K, committed 2944K, reserved 1048576K
}
Event: 1.424 GC heap before
{Heap before GC invocations=4 (full 0):
 PSYoungGen      total 68608K, used 11508K [0x00000000d6e00000, 0x00000000df400000, 0x0000000100000000)
  eden space 63488K, 10% used [0x00000000d6e00000,0x00000000d7445060,0x00000000dac00000)
  from space 5120K, 99% used [0x00000000dac00000,0x00000000db0f8020,0x00000000db100000)
  to   space 5120K, 0% used [0x00000000def00000,0x00000000def00000,0x00000000df400000)
 ParOldGen       total 84992K, used 5231K [0x0000000084a00000, 0x0000000089d00000, 0x00000000d6e00000)
  object space 84992K, 6% used [0x0000000084a00000,0x0000000084f1be08,0x0000000089d00000)
 Metaspace       used 20644K, capacity 21224K, committed 21296K, reserved 1067008K
  class space    used 2740K, capacity 2919K, committed 2944K, reserved 1048576K
Event: 1.445 GC heap after
Heap after GC invocations=4 (full 0):
 PSYoungGen      total 132096K, used 5102K [0x00000000d6e00000, 0x00000000df400000, 0x0000000100000000)
  eden space 126976K, 0% used [0x00000000d6e00000,0x00000000d6e00000,0x00000000dea00000)
  from space 5120K, 99% used [0x00000000def00000,0x00000000df3fb920,0x00000000df400000)
  to   space 5120K, 0% used [0x00000000dea00000,0x00000000dea00000,0x00000000def00000)
 ParOldGen       total 84992K, used 5444K [0x0000000084a00000, 0x0000000089d00000, 0x00000000d6e00000)
  object space 84992K, 6% used [0x0000000084a00000,0x0000000084f51048,0x0000000089d00000)
 Metaspace       used 20644K, capacity 21224K, committed 21296K, reserved 1067008K
  class space    used 2740K, capacity 2919K, committed 2944K, reserved 1048576K
}
Event: 1.445 GC heap before
{Heap before GC invocations=5 (full 1):
 PSYoungGen      total 132096K, used 5102K [0x00000000d6e00000, 0x00000000df400000, 0x0000000100000000)
  eden space 126976K, 0% used [0x00000000d6e00000,0x00000000d6e00000,0x00000000dea00000)
  from space 5120K, 99% used [0x00000000def00000,0x00000000df3fb920,0x00000000df400000)
  to   space 5120K, 0% used [0x00000000dea00000,0x00000000dea00000,0x00000000def00000)
 ParOldGen       total 84992K, used 5444K [0x0000000084a00000, 0x0000000089d00000, 0x00000000d6e00000)
  object space 84992K, 6% used [0x0000000084a00000,0x0000000084f51048,0x0000000089d00000)
 Metaspace       used 20644K, capacity 21224K, committed 21296K, reserved 1067008K
  class space    used 2740K, capacity 2919K, committed 2944K, reserved 1048576K
Event: 1.472 GC heap after
Heap after GC invocations=5 (full 1):
 PSYoungGen      total 132096K, used 0K [0x00000000d6e00000, 0x00000000df400000, 0x0000000100000000)
  eden space 126976K, 0% used [0x00000000d6e00000,0x00000000d6e00000,0x00000000dea00000)
  from space 5120K, 0% used [0x00000000def00000,0x00000000def00000,0x00000000df400000)
  to   space 5120K, 0% used [0x00000000dea00000,0x00000000dea00000,0x00000000def00000)
 ParOldGen       total 48128K, used 5201K [0x0000000084a00000, 0x0000000087900000, 0x00000000d6e00000)
  object space 48128K, 10% used [0x0000000084a00000,0x0000000084f14400,0x0000000087900000)
 Metaspace       used 20644K, capacity 21224K, committed 21296K, reserved 1067008K
  class space    used 2740K, capacity 2919K, committed 2944K, reserved 1048576K
}
Event: 35.328 GC heap before
{Heap before GC invocations=6 (full 1):
 PSYoungGen      total 132096K, used 126976K [0x00000000d6e00000, 0x00000000df400000, 0x0000000100000000)
  eden space 126976K, 100% used [0x00000000d6e00000,0x00000000dea00000,0x00000000dea00000)
  from space 5120K, 0% used [0x00000000def00000,0x00000000def00000,0x00000000df400000)
  to   space 5120K, 0% used [0x00000000dea00000,0x00000000dea00000,0x00000000def00000)
 ParOldGen       total 48128K, used 5201K [0x0000000084a00000, 0x0000000087900000, 0x00000000d6e00000)
  object space 48128K, 10% used [0x0000000084a00000,0x0000000084f14400,0x0000000087900000)
 Metaspace       used 26929K, capacity 27862K, committed 28032K, reserved 1073152K
  class space    used 3616K, capacity 3848K, committed 3968K, reserved 1048576K

Deoptimization events (0 events):
No events

Internal exceptions (10 events):
Event: 35.141 Thread 0x00007f0f2800e800 Exception <a 'java/lang/ClassNotFoundException': org/springframework/beans/factory/BeanFactoryAwareCustomizer> (0x00000000de8b9da8) thrown at [/HUDSON/workspace/8-2-build-linux-amd64/jdk8u91/6644/hotspot/src/share/vm/classfile/systemDictionary.cpp, line 2
Event: 35.141 Thread 0x00007f0f2800e800 Exception <a 'java/lang/ClassNotFoundException': org/springframework/beans/factory/config/DestructionAwareBeanPostProcessorCustomizer> (0x00000000de8d2248) thrown at [/HUDSON/workspace/8-2-build-linux-amd64/jdk8u91/6644/hotspot/src/share/vm/classfile/syst
Event: 35.141 Thread 0x00007f0f2800e800 Exception <a 'java/lang/ClassNotFoundException': org/springframework/beans/factory/support/MergedBeanDefinitionPostProcessorCustomizer> (0x00000000de8ea9a0) thrown at [/HUDSON/workspace/8-2-build-linux-amd64/jdk8u91/6644/hotspot/src/share/vm/classfile/sys
Event: 35.141 Thread 0x00007f0f2800e800 Exception <a 'java/lang/ClassNotFoundException': org/springframework/core/PriorityOrderedCustomizer> (0x00000000de8fb370) thrown at [/HUDSON/workspace/8-2-build-linux-amd64/jdk8u91/6644/hotspot/src/share/vm/classfile/systemDictionary.cpp, line 210]
Event: 35.142 Thread 0x00007f0f2800e800 Exception <a 'java/lang/ClassNotFoundException': java/lang/ObjectCustomizer> (0x00000000de904b38) thrown at [/HUDSON/workspace/8-2-build-linux-amd64/jdk8u91/6644/hotspot/src/share/vm/classfile/systemDictionary.cpp, line 210]
Event: 35.142 Thread 0x00007f0f2800e800 Exception <a 'java/lang/ClassNotFoundException': org/springframework/boot/context/properties/ConfigurationPropertiesBindingPostProcessorCustomizer> (0x00000000de9216e8) thrown at [/HUDSON/workspace/8-2-build-linux-amd64/jdk8u91/6644/hotspot/src/share/vm/c
Event: 35.142 Thread 0x00007f0f2800e800 Exception <a 'java/lang/ClassNotFoundException': org/springframework/beans/factory/config/BeanPostProcessorCustomizer> (0x00000000de93b7b8) thrown at [/HUDSON/workspace/8-2-build-linux-amd64/jdk8u91/6644/hotspot/src/share/vm/classfile/systemDictionary.cpp
Event: 35.142 Thread 0x00007f0f2800e800 Exception <a 'java/lang/ClassNotFoundException': org/springframework/core/PriorityOrderedCustomizer> (0x00000000de94c800) thrown at [/HUDSON/workspace/8-2-build-linux-amd64/jdk8u91/6644/hotspot/src/share/vm/classfile/systemDictionary.cpp, line 210]
Event: 35.142 Thread 0x00007f0f2800e800 Exception <a 'java/lang/ClassNotFoundException': org/springframework/context/ApplicationContextAwareCustomizer> (0x00000000de95ed08) thrown at [/HUDSON/workspace/8-2-build-linux-amd64/jdk8u91/6644/hotspot/src/share/vm/classfile/systemDictionary.cpp, line 
Event: 35.143 Thread 0x00007f0f2800e800 Exception <a 'java/lang/ClassNotFoundException': org/springframework/beans/factory/InitializingBeanCustomizer> (0x00000000de9724d0) thrown at [/HUDSON/workspace/8-2-build-linux-amd64/jdk8u91/6644/hotspot/src/share/vm/classfile/systemDictionary.cpp, line 2

Events (10 events):
Event: 35.212 loading class javax/money/MonetaryAmount done
Event: 35.212 loading class javax/money/MonetaryAmount
Event: 35.212 loading class javax/money/MonetaryAmount done
Event: 35.212 loading class org/joda/time/ReadableInstant
Event: 35.212 loading class org/joda/time/ReadableInstant done
Event: 35.212 loading class org/joda/time/ReadableInstant
Event: 35.212 loading class org/joda/time/ReadableInstant done
Event: 35.213 loading class javax/money/MonetaryAmount
Event: 35.213 loading class javax/money/MonetaryAmount done
Event: 35.235 Executing VM operation: ParallelGCFailedAllocation


Dynamic libraries:
00400000-00401000 r-xp 00000000 08:06 5640408                            /usr/lib/jvm/jdk1.8.0_91/bin/java
00600000-00601000 rw-p 00000000 08:06 5640408                            /usr/lib/jvm/jdk1.8.0_91/bin/java
01100000-01121000 rw-p 00000000 00:00 0                                  [heap]
84a00000-87900000 rw-p 00000000 00:00 0 
87900000-d6e00000 ---p 00000000 00:00 0 
d6e00000-df400000 rw-p 00000000 00:00 0 
e6c00000-100000000 ---p 00000000 00:00 0 
100000000-1003e0000 rw-p 00000000 00:00 0 
1003e0000-140000000 ---p 00000000 00:00 0 
7f0eb4000000-7f0eb4021000 rw-p 00000000 00:00 0 
7f0eb4021000-7f0eb8000000 ---p 00000000 00:00 0 
7f0ebc000000-7f0ebc021000 rw-p 00000000 00:00 0 
7f0ebc021000-7f0ec0000000 ---p 00000000 00:00 0 
7f0ec0000000-7f0ec0021000 rw-p 00000000 00:00 0 
7f0ec0021000-7f0ec4000000 ---p 00000000 00:00 0 
7f0ec4000000-7f0ec42c1000 rw-p 00000000 00:00 0 
7f0ec42c1000-7f0ec8000000 ---p 00000000 00:00 0 
7f0ec8000000-7f0ec8021000 rw-p 00000000 00:00 0 
7f0ec8021000-7f0ecc000000 ---p 00000000 00:00 0 
7f0ecc000000-7f0ecc021000 rw-p 00000000 00:00 0 
7f0ecc021000-7f0ed0000000 ---p 00000000 00:00 0 
7f0ed0000000-7f0ed0021000 rw-p 00000000 00:00 0 
7f0ed0021000-7f0ed4000000 ---p 00000000 00:00 0 
7f0ed4000000-7f0ed4021000 rw-p 00000000 00:00 0 
7f0ed4021000-7f0ed8000000 ---p 00000000 00:00 0 
7f0ed8000000-7f0ed8021000 rw-p 00000000 00:00 0 
7f0ed8021000-7f0edc000000 ---p 00000000 00:00 0 
7f0edc000000-7f0edc840000 rw-p 00000000 00:00 0 
7f0edc840000-7f0ee0000000 ---p 00000000 00:00 0 
7f0ee0000000-7f0ee0021000 rw-p 00000000 00:00 0 
7f0ee0021000-7f0ee4000000 ---p 00000000 00:00 0 
7f0ee4000000-7f0ee4036000 rw-p 00000000 00:00 0 
7f0ee4036000-7f0ee8000000 ---p 00000000 00:00 0 
7f0ee8000000-7f0ee8021000 rw-p 00000000 00:00 0 
7f0ee8021000-7f0eec000000 ---p 00000000 00:00 0 
7f0eec000000-7f0eec021000 rw-p 00000000 00:00 0 
7f0eec021000-7f0ef0000000 ---p 00000000 00:00 0 
7f0ef0000000-7f0ef0043000 rw-p 00000000 00:00 0 
7f0ef0043000-7f0ef4000000 ---p 00000000 00:00 0 
7f0ef4000000-7f0ef4021000 rw-p 00000000 00:00 0 
7f0ef4021000-7f0ef8000000 ---p 00000000 00:00 0 
7f0ef8000000-7f0ef8021000 rw-p 00000000 00:00 0 
7f0ef8021000-7f0efc000000 ---p 00000000 00:00 0 
7f0efc000000-7f0efc021000 rw-p 00000000 00:00 0 
7f0efc021000-7f0f00000000 ---p 00000000 00:00 0 
7f0f00000000-7f0f0028b000 rw-p 00000000 00:00 0 
7f0f0028b000-7f0f04000000 ---p 00000000 00:00 0 
7f0f04000000-7f0f04021000 rw-p 00000000 00:00 0 
7f0f04021000-7f0f08000000 ---p 00000000 00:00 0 
7f0f09a51000-7f0f09bd2000 rw-p 00000000 00:00 0 
7f0f09bd2000-7f0f09c52000 ---p 00000000 00:00 0 
7f0f09c52000-7f0f09c5c000 r--s 00116000 08:06 6687793                    /usr/lib/jvm/jdk1.8.0_91/jre/lib/ext/localedata.jar
7f0f09c5c000-7f0f09c78000 r--s 00393000 08:06 6687786                    /usr/lib/jvm/jdk1.8.0_91/jre/lib/ext/cldrdata.jar
7f0f09c78000-7f0f09e78000 rw-p 00000000 00:00 0 
7f0f09e78000-7f0f09e7e000 r--s 002f8000 08:06 6425336                    /usr/lib/jvm/jdk1.8.0_91/jre/lib/charsets.jar
7f0f09e7e000-7f0f0a07e000 rw-p 00000000 00:00 0 
7f0f0a07e000-7f0f0a27e000 rw-p 00000000 00:00 0 
7f0f0a27e000-7f0f0a47e000 rw-p 00000000 00:00 0 
7f0f0a47e000-7f0f0a67e000 rw-p 00000000 00:00 0 
7f0f0a67e000-7f0f0a713000 r--s 01103000 08:06 6687787                    /usr/lib/jvm/jdk1.8.0_91/jre/lib/ext/jfxrt.jar
7f0f0a713000-7f0f0a913000 rw-p 00000000 00:00 0 
7f0f0a913000-7f0f0a916000 ---p 00000000 00:00 0 
7f0f0a916000-7f0f0aa14000 rw-p 00000000 00:00 0 
7f0f0aa14000-7f0f0aa17000 ---p 00000000 00:00 0 
7f0f0aa17000-7f0f0ab15000 rw-p 00000000 00:00 0 
7f0f0ab15000-7f0f0ab18000 ---p 00000000 00:00 0 
7f0f0ab18000-7f0f0ac16000 rw-p 00000000 00:00 0 
7f0f0ac16000-7f0f0ac19000 ---p 00000000 00:00 0 
7f0f0ac19000-7f0f0ad17000 rw-p 00000000 00:00 0 
7f0f0ad17000-7f0f0ad1a000 ---p 00000000 00:00 0 
7f0f0ad1a000-7f0f0b018000 rw-p 00000000 00:00 0 
7f0f0b018000-7f0f0b019000 ---p 00000000 00:00 0 
7f0f0b019000-7f0f0b119000 rw-p 00000000 00:00 0 
7f0f0b119000-7f0f0b11c000 ---p 00000000 00:00 0 
7f0f0b11c000-7f0f0b21a000 rw-p 00000000 00:00 0 
7f0f0b21a000-7f0f0b21d000 ---p 00000000 00:00 0 
7f0f0b21d000-7f0f0b31b000 rw-p 00000000 00:00 0 
7f0f0b31b000-7f0f0b31e000 ---p 00000000 00:00 0 
7f0f0b31e000-7f0f0b41c000 rw-p 00000000 00:00 0 
7f0f0b41c000-7f0f0b420000 r--s 00097000 08:06 6425343                    /usr/lib/jvm/jdk1.8.0_91/jre/lib/jsse.jar
7f0f0b420000-7f0f0b431000 r-xp 00000000 08:06 6950074                    /usr/lib/jvm/jdk1.8.0_91/jre/lib/amd64/libnio.so
7f0f0b431000-7f0f0b630000 ---p 00011000 08:06 6950074                    /usr/lib/jvm/jdk1.8.0_91/jre/lib/amd64/libnio.so
7f0f0b630000-7f0f0b631000 rw-p 00010000 08:06 6950074                    /usr/lib/jvm/jdk1.8.0_91/jre/lib/amd64/libnio.so
7f0f0b631000-7f0f0b63a000 r-xp 00000000 08:06 6950079                    /usr/lib/jvm/jdk1.8.0_91/jre/lib/amd64/libmanagement.so
7f0f0b63a000-7f0f0b839000 ---p 00009000 08:06 6950079                    /usr/lib/jvm/jdk1.8.0_91/jre/lib/amd64/libmanagement.so
7f0f0b839000-7f0f0b83a000 rw-p 00008000 08:06 6950079                    /usr/lib/jvm/jdk1.8.0_91/jre/lib/amd64/libmanagement.so
7f0f0b83a000-7f0f0b83d000 ---p 00000000 00:00 0 
7f0f0b83d000-7f0f0b93b000 rw-p 00000000 00:00 0 
7f0f0b93b000-7f0f0b951000 r-xp 00000000 08:06 6950071                    /usr/lib/jvm/jdk1.8.0_91/jre/lib/amd64/libnet.so
7f0f0b951000-7f0f0bb51000 ---p 00016000 08:06 6950071                    /usr/lib/jvm/jdk1.8.0_91/jre/lib/amd64/libnet.so
7f0f0bb51000-7f0f0bb52000 rw-p 00016000 08:06 6950071                    /usr/lib/jvm/jdk1.8.0_91/jre/lib/amd64/libnet.so
7f0f0bb52000-7f0f0bb55000 ---p 00000000 00:00 0 
7f0f0bb55000-7f0f0bc53000 rw-p 00000000 00:00 0 
7f0f0bc53000-7f0f0bc56000 ---p 00000000 00:00 0 
7f0f0bc56000-7f0f0bd54000 rw-p 00000000 00:00 0 
7f0f0bd54000-7f0f0bd57000 ---p 00000000 00:00 0 
7f0f0bd57000-7f0f0be55000 rw-p 00000000 00:00 0 
7f0f0be55000-7f0f0be58000 ---p 00000000 00:00 0 
7f0f0be58000-7f0f0bf56000 rw-p 00000000 00:00 0 
7f0f0bf56000-7f0f0bf58000 r--s 0001a000 08:06 5121164                    /opt/idea-IU-181.4203.550/lib/idea_rt.jar
7f0f0bf58000-7f0f0bf59000 r--s 00003000 08:06 8660092                    /home/snowdeng/.m2/repository/org/springframework/spring-jcl/5.0.4.RELEASE/spring-jcl-5.0.4.RELEASE.jar
7f0f0bf59000-7f0f0bf70000 r--s 00112000 08:06 6689259                    /home/snowdeng/.m2/repository/org/springframework/spring-core/5.0.4.RELEASE/spring-core-5.0.4.RELEASE.jar
7f0f0bf70000-7f0f0bf72000 r--s 00009000 08:06 6432091                    /home/snowdeng/.m2/repository/org/slf4j/slf4j-api/1.7.25/slf4j-api-1.7.25.jar
7f0f0bf72000-7f0f0bf77000 r--s 0003c000 08:06 6686537                    /home/snowdeng/.m2/repository/org/springframework/spring-expression/5.0.4.RELEASE/spring-expression-5.0.4.RELEASE.jar
7f0f0bf77000-7f0f0bf91000 r--s 000ee000 08:06 6689092                    /home/snowdeng/.m2/repository/org/springframework/spring-context/5.0.4.RELEASE/spring-context-5.0.4.RELEASE.jar
7f0f0bf91000-7f0f0bf9a000 r--s 0004f000 08:06 6689227                    /home/snowdeng/.m2/repository/org/springframework/spring-aop/5.0.4.RELEASE/spring-aop-5.0.4.RELEASE.jar
7f0f0bf9a000-7f0f0bfa9000 r--s 000b0000 08:06 8268149                    /home/snowdeng/.m2/repository/org/springframework/spring-webmvc/5.0.4.RELEASE/spring-webmvc-5.0.4.RELEASE.jar
7f0f0bfa9000-7f0f0bfb5000 r--s 00094000 08:06 6689243                    /home/snowdeng/.m2/repository/org/springframework/spring-beans/5.0.4.RELEASE/spring-beans-5.0.4.RELEASE.jar
7f0f0bfb5000-7f0f0bfcf000 r--s 00116000 08:06 6686441                    /home/snowdeng/.m2/repository/org/springframework/spring-web/5.0.4.RELEASE/spring-web-5.0.4.RELEASE.jar
7f0f0bfcf000-7f0f0bfd1000 r--s 0000e000 08:06 6686383                    /home/snowdeng/.m2/repository/com/fasterxml/classmate/1.3.4/classmate-1.3.4.jar
7f0f0bfd1000-7f0f0bfd6000 r--s 00012000 08:06 6686346                    /home/snowdeng/.m2/repository/javax/validation/validation-api/2.0.1.Final/validation-api-2.0.1.Final.jar
7f0f0bfd6000-7f0f0c000000 r--s 002ce000 08:06 11809285                   /home/snowdeng/.m2/repository/org/apache/tomcat/embed/tomcat-embed-core/8.5.28/tomcat-embed-core-8.5.28.jar
7f0f0c000000-7f0f0c021000 rw-p 00000000 00:00 0 
7f0f0c021000-7f0f10000000 ---p 00000000 00:00 0 
7f0f10000000-7f0f10002000 r--s 0000f000 08:06 6686375                    /home/snowdeng/.m2/repository/org/jboss/logging/jboss-logging/3.3.2.Final/jboss-logging-3.3.2.Final.jar
7f0f10002000-7f0f1001e000 r--s 000f5000 08:06 6686338                    /home/snowdeng/.m2/repository/org/hibernate/validator/hibernate-validator/6.0.7.Final/hibernate-validator-6.0.7.Final.jar
7f0f1001e000-7f0f10023000 r--s 0003a000 08:06 11809282                   /home/snowdeng/.m2/repository/org/apache/tomcat/embed/tomcat-embed-websocket/8.5.28/tomcat-embed-websocket-8.5.28.jar
7f0f10023000-7f0f10027000 r--s 00037000 08:06 11809280                   /home/snowdeng/.m2/repository/org/apache/tomcat/embed/tomcat-embed-el/8.5.28/tomcat-embed-el-8.5.28.jar
7f0f10027000-7f0f10028000 r--s 00000000 08:06 12984114                   /home/snowdeng/.m2/repository/org/springframework/boot/spring-boot-starter-tomcat/2.0.0.RELEASE/spring-boot-starter-tomcat-2.0.0.RELEASE.jar
7f0f10028000-7f0f1002a000 r--s 00001000 08:06 11809278                   /home/snowdeng/.m2/repository/com/fasterxml/jackson/module/jackson-module-parameter-names/2.9.3/jackson-module-parameter-names-2.9.3.jar
7f0f1002a000-7f0f1002d000 r--s 00015000 08:06 8268148                    /home/snowdeng/.m2/repository/com/fasterxml/jackson/datatype/jackson-datatype-jsr310/2.9.3/jackson-datatype-jsr310-2.9.3.jar
7f0f1002d000-7f0f1002f000 r--s 00007000 08:06 8268133                    /home/snowdeng/.m2/repository/com/fasterxml/jackson/datatype/jackson-datatype-jdk8/2.9.3/jackson-datatype-jdk8-2.9.3.jar
7f0f1002f000-7f0f10030000 r--s 00000000 08:06 12458662                   /home/snowdeng/.m2/repository/org/springframework/boot/spring-boot-starter-json/2.0.0.RELEASE/spring-boot-starter-json-2.0.0.RELEASE.jar
7f0f10030000-7f0f10037000 r--s 00042000 08:06 12857543                   /home/snowdeng/.m2/repository/org/yaml/snakeyaml/1.19/snakeyaml-1.19.jar
7f0f10037000-7f0f10039000 r--s 00005000 08:06 6686394                    /home/snowdeng/.m2/repository/javax/annotation/javax.annotation-api/1.3.2/javax.annotation-api-1.3.2.jar
7f0f10039000-7f0f1003b000 r--s 00000000 08:06 12853248                   /home/snowdeng/.m2/repository/org/slf4j/jul-to-slf4j/1.7.25/jul-to-slf4j-1.7.25.jar
7f0f1003b000-7f0f10041000 r--s 00039000 08:06 7356124                    /home/snowdeng/.m2/repository/org/apache/logging/log4j/log4j-api/2.10.0/log4j-api-2.10.0.jar
7f0f10041000-7f0f10043000 r--s 00003000 08:06 7356121                    /home/snowdeng/.m2/repository/org/apache/logging/log4j/log4j-to-slf4j/2.10.0/log4j-to-slf4j-2.10.0.jar
7f0f10043000-7f0f1004e000 r--s 00069000 08:06 12857541                   /home/snowdeng/.m2/repository/ch/qos/logback/logback-core/1.2.3/logback-core-1.2.3.jar
7f0f1004e000-7f0f10054000 r--s 00041000 08:06 12857538                   /home/snowdeng/.m2/repository/ch/qos/logback/logback-classic/1.2.3/logback-classic-1.2.3.jar
7f0f10054000-7f0f10055000 r--s 00000000 08:06 12724366                   /home/snowdeng/.m2/repository/org/springframework/boot/spring-boot-starter-logging/2.0.0.RELEASE/spring-boot-starter-logging-2.0.0.RELEASE.jar
7f0f10055000-7f0f1006a000 r--s 000cd000 08:06 12724360                   /home/snowdeng/.m2/repository/org/springframework/boot/spring-boot/2.0.0.RELEASE/spring-boot-2.0.0.RELEASE.jar
7f0f1006a000-7f0f1006e000 r--s 0004b000 08:06 8268143                    /home/snowdeng/.m2/repository/com/fasterxml/jackson/core/jackson-core/2.9.3/jackson-core-2.9.3.jar
7f0f1006e000-7f0f10081000 r--s 00134000 08:06 7878336                    /home/snowdeng/.m2/repository/com/fasterxml/jackson/core/jackson-databind/2.9.3/jackson-databind-2.9.3.jar
7f0f10081000-7f0f10084000 r--s 0000e000 08:06 8268142                    /home/snowdeng/.m2/repository/com/fasterxml/jackson/core/jackson-annotations/2.9.0/jackson-annotations-2.9.0.jar
7f0f10084000-7f0f100a4000 r--s 000f8000 08:06 12724362                   /home/snowdeng/.m2/repository/org/springframework/boot/spring-boot-autoconfigure/2.0.0.RELEASE/spring-boot-autoconfigure-2.0.0.RELEASE.jar
7f0f100a4000-7f0f100ef000 r--s 002ff000 08:06 7878332                    /home/snowdeng/.m2/repository/org/bouncycastle/bcprov-jdk15on/1.56/bcprov-jdk15on-1.56.jar
7f0f100ef000-7f0f10100000 r--s 00097000 08:06 7878330                    /home/snowdeng/.m2/repository/org/bouncycastle/bcpkix-jdk15on/1.56/bcpkix-jdk15on-1.56.jar
7f0f10100000-7f0f10107000 r--s 0004b000 08:06 6686332                    /home/snowdeng/.m2/repository/commons-codec/commons-codec/1.11/commons-codec-1.11.jar
7f0f10107000-7f0f1010e000 r--s 00049000 08:06 6686329                    /home/snowdeng/.m2/repository/org/apache/httpcomponents/httpcore/4.4.9/httpcore-4.4.9.jar
7f0f1010e000-7f0f1011c000 r--s 000ae000 08:06 6687933                    /home/snowdeng/.m2/repository/org/apache/httpcomponents/httpclient/4.5.5/httpclient-4.5.5.jar
7f0f1011c000-7f0f10121000 r--s 0001b000 08:06 12984135                   /home/snowdeng/.m2/repository/org/springframework/cloud/spring-cloud-commons/2.0.0.M9/spring-cloud-commons-2.0.0.M9.jar
7f0f10121000-7f0f10134000 r--s 00344000 08:06 6425342                    /usr/lib/jvm/jdk1.8.0_91/jre/lib/resources.jar
7f0f10134000-7f0f1014f000 r--s 00208000 08:06 6425291                    /usr/lib/jvm/jdk1.8.0_91/jre/lib/deploy.jar
7f0f1014f000-7f0f10152000 ---p 00000000 00:00 0 
7f0f10152000-7f0f14000000 rw-p 00000000 00:00 0 
7f0f14000000-7f0f14021000 rw-p 00000000 00:00 0 
7f0f14021000-7f0f18000000 ---p 00000000 00:00 0 
7f0f18000000-7f0f18001000 r--s 00000000 08:06 12593476                   /home/snowdeng/.m2/repository/org/springframework/boot/spring-boot-starter/2.0.0.RELEASE/spring-boot-starter-2.0.0.RELEASE.jar
7f0f18001000-7f0f18002000 r--s 00000000 08:06 12984116                   /home/snowdeng/.m2/repository/org/springframework/boot/spring-boot-starter-web/2.0.0.RELEASE/spring-boot-starter-web-2.0.0.RELEASE.jar
7f0f18002000-7f0f18015000 r--s 000d6000 08:06 6425315                    /usr/lib/jvm/jdk1.8.0_91/jre/lib/plugin.jar
7f0f18015000-7f0f186f7000 r--p 00000000 08:06 10754910                   /usr/lib/locale/locale-archive
7f0f186f7000-7f0f186fa000 ---p 00000000 00:00 0 
7f0f186fa000-7f0f187f8000 rw-p 00000000 00:00 0 
7f0f187f8000-7f0f187fb000 ---p 00000000 00:00 0 
7f0f187fb000-7f0f188f9000 rw-p 00000000 00:00 0 
7f0f188f9000-7f0f188fa000 ---p 00000000 00:00 0 
7f0f188fa000-7f0f19000000 rw-p 00000000 00:00 0 
7f0f19000000-7f0f195a0000 rwxp 00000000 00:00 0 
7f0f195a0000-7f0f28000000 ---p 00000000 00:00 0 
7f0f28000000-7f0f28984000 rw-p 00000000 00:00 0 
7f0f28984000-7f0f2c000000 ---p 00000000 00:00 0 
7f0f2c000000-7f0f2c002000 r--s 00007000 08:06 11539855                   /home/snowdeng/.m2/repository/org/springframework/cloud/spring-cloud-config-client/2.0.0.M9/spring-cloud-config-client-2.0.0.M9.jar
7f0f2c002000-7f0f2c003000 r--s 00004000 08:06 11809274                   /home/snowdeng/.m2/repository/org/springframework/security/spring-security-rsa/1.0.5.RELEASE/spring-security-rsa-1.0.5.RELEASE.jar
7f0f2c003000-7f0f2c005000 r--s 00010000 08:06 12857539                   /home/snowdeng/.m2/repository/org/springframework/security/spring-security-crypto/5.0.3.RELEASE/spring-security-crypto-5.0.3.RELEASE.jar
7f0f2c005000-7f0f2c008000 r--s 00016000 08:06 12857546                   /home/snowdeng/.m2/repository/org/springframework/cloud/spring-cloud-context/2.0.0.M9/spring-cloud-context-2.0.0.M9.jar
7f0f2c008000-7f0f2c009000 r--s 00000000 08:06 12593479                   /home/snowdeng/.m2/repository/org/springframework/cloud/spring-cloud-starter/2.0.0.M9/spring-cloud-starter-2.0.0.M9.jar
7f0f2c009000-7f0f2c00a000 r--s 00000000 08:06 12338752                   /home/snowdeng/.m2/repository/org/springframework/cloud/spring-cloud-starter-config/2.0.0.M9/spring-cloud-starter-config-2.0.0.M9.jar
7f0f2c00a000-7f0f2c00b000 r--s 00000000 08:06 6425297                    /usr/lib/jvm/jdk1.8.0_91/jre/lib/management-agent.jar
7f0f2c00b000-7f0f2c914000 rw-p 00000000 00:00 0 
7f0f2c914000-7f0f2caed000 r--s 03d1f000 08:06 6425338                    /usr/lib/jvm/jdk1.8.0_91/jre/lib/rt.jar
7f0f2caed000-7f0f2d73e000 rw-p 00000000 00:00 0 
7f0f2d73e000-7f0f2d73f000 ---p 00000000 00:00 0 
7f0f2d73f000-7f0f2d83f000 rw-p 00000000 00:00 0 
7f0f2d83f000-7f0f2d840000 ---p 00000000 00:00 0 
7f0f2d840000-7f0f2d940000 rw-p 00000000 00:00 0 
7f0f2d940000-7f0f2d941000 ---p 00000000 00:00 0 
7f0f2d941000-7f0f2da41000 rw-p 00000000 00:00 0 
7f0f2da41000-7f0f2da42000 ---p 00000000 00:00 0 
7f0f2da42000-7f0f2db5a000 rw-p 00000000 00:00 0 
7f0f2db5a000-7f0f2ddd4000 ---p 00000000 00:00 0 
7f0f2ddd4000-7f0f2ddec000 rw-p 00000000 00:00 0 
7f0f2ddec000-7f0f2e066000 ---p 00000000 00:00 0 
7f0f2e066000-7f0f2e0a9000 rw-p 00000000 00:00 0 
7f0f2e0a9000-7f0f2e1af000 ---p 00000000 00:00 0 
7f0f2e1af000-7f0f2e1c7000 rw-p 00000000 00:00 0 
7f0f2e1c7000-7f0f2e570000 ---p 00000000 00:00 0 
7f0f2e570000-7f0f2e58a000 r-xp 00000000 08:06 6950067                    /usr/lib/jvm/jdk1.8.0_91/jre/lib/amd64/libzip.so
7f0f2e58a000-7f0f2e78a000 ---p 0001a000 08:06 6950067                    /usr/lib/jvm/jdk1.8.0_91/jre/lib/amd64/libzip.so
7f0f2e78a000-7f0f2e78b000 rw-p 0001a000 08:06 6950067                    /usr/lib/jvm/jdk1.8.0_91/jre/lib/amd64/libzip.so
7f0f2e78b000-7f0f2e795000 r-xp 00000000 08:06 5247006                    /lib/x86_64-linux-gnu/libnss_files-2.19.so
7f0f2e795000-7f0f2e994000 ---p 0000a000 08:06 5247006                    /lib/x86_64-linux-gnu/libnss_files-2.19.so
7f0f2e994000-7f0f2e995000 r--p 00009000 08:06 5247006                    /lib/x86_64-linux-gnu/libnss_files-2.19.so
7f0f2e995000-7f0f2e996000 rw-p 0000a000 08:06 5247006                    /lib/x86_64-linux-gnu/libnss_files-2.19.so
7f0f2e996000-7f0f2e9a1000 r-xp 00000000 08:06 5248469                    /lib/x86_64-linux-gnu/libnss_nis-2.19.so
7f0f2e9a1000-7f0f2eba0000 ---p 0000b000 08:06 5248469                    /lib/x86_64-linux-gnu/libnss_nis-2.19.so
7f0f2eba0000-7f0f2eba1000 r--p 0000a000 08:06 5248469                    /lib/x86_64-linux-gnu/libnss_nis-2.19.so
7f0f2eba1000-7f0f2eba2000 rw-p 0000b000 08:06 5248469                    /lib/x86_64-linux-gnu/libnss_nis-2.19.so
7f0f2eba2000-7f0f2ebb9000 r-xp 00000000 08:06 5261198                    /lib/x86_64-linux-gnu/libnsl-2.19.so
7f0f2ebb9000-7f0f2edb8000 ---p 00017000 08:06 5261198                    /lib/x86_64-linux-gnu/libnsl-2.19.so
7f0f2edb8000-7f0f2edb9000 r--p 00016000 08:06 5261198                    /lib/x86_64-linux-gnu/libnsl-2.19.so
7f0f2edb9000-7f0f2edba000 rw-p 00017000 08:06 5261198                    /lib/x86_64-linux-gnu/libnsl-2.19.so
7f0f2edba000-7f0f2edbc000 rw-p 00000000 00:00 0 
7f0f2edbc000-7f0f2edc5000 r-xp 00000000 08:06 5248471                    /lib/x86_64-linux-gnu/libnss_compat-2.19.so
7f0f2edc5000-7f0f2efc4000 ---p 00009000 08:06 5248471                    /lib/x86_64-linux-gnu/libnss_compat-2.19.so
7f0f2efc4000-7f0f2efc5000 r--p 00008000 08:06 5248471                    /lib/x86_64-linux-gnu/libnss_compat-2.19.so
7f0f2efc5000-7f0f2efc6000 rw-p 00009000 08:06 5248471                    /lib/x86_64-linux-gnu/libnss_compat-2.19.so
7f0f2efc6000-7f0f2efd0000 r-xp 00000000 08:06 6950076                    /usr/lib/jvm/jdk1.8.0_91/jre/lib/amd64/libinstrument.so
7f0f2efd0000-7f0f2f1cf000 ---p 0000a000 08:06 6950076                    /usr/lib/jvm/jdk1.8.0_91/jre/lib/amd64/libinstrument.so
7f0f2f1cf000-7f0f2f1d0000 rw-p 00009000 08:06 6950076                    /usr/lib/jvm/jdk1.8.0_91/jre/lib/amd64/libinstrument.so
7f0f2f1d0000-7f0f2f1fa000 r-xp 00000000 08:06 6950062                    /usr/lib/jvm/jdk1.8.0_91/jre/lib/amd64/libjava.so
7f0f2f1fa000-7f0f2f3fa000 ---p 0002a000 08:06 6950062                    /usr/lib/jvm/jdk1.8.0_91/jre/lib/amd64/libjava.so
7f0f2f3fa000-7f0f2f3fc000 rw-p 0002a000 08:06 6950062                    /usr/lib/jvm/jdk1.8.0_91/jre/lib/amd64/libjava.so
7f0f2f3fc000-7f0f2f409000 r-xp 00000000 08:06 6950066                    /usr/lib/jvm/jdk1.8.0_91/jre/lib/amd64/libverify.so
7f0f2f409000-7f0f2f609000 ---p 0000d000 08:06 6950066                    /usr/lib/jvm/jdk1.8.0_91/jre/lib/amd64/libverify.so
7f0f2f609000-7f0f2f60b000 rw-p 0000d000 08:06 6950066                    /usr/lib/jvm/jdk1.8.0_91/jre/lib/amd64/libverify.so
7f0f2f60b000-7f0f2f612000 r-xp 00000000 08:06 5261190                    /lib/x86_64-linux-gnu/librt-2.19.so
7f0f2f612000-7f0f2f811000 ---p 00007000 08:06 5261190                    /lib/x86_64-linux-gnu/librt-2.19.so
7f0f2f811000-7f0f2f812000 r--p 00006000 08:06 5261190                    /lib/x86_64-linux-gnu/librt-2.19.so
7f0f2f812000-7f0f2f813000 rw-p 00007000 08:06 5261190                    /lib/x86_64-linux-gnu/librt-2.19.so
7f0f2f813000-7f0f2f918000 r-xp 00000000 08:06 5248473                    /lib/x86_64-linux-gnu/libm-2.19.so
7f0f2f918000-7f0f2fb17000 ---p 00105000 08:06 5248473                    /lib/x86_64-linux-gnu/libm-2.19.so
7f0f2fb17000-7f0f2fb18000 r--p 00104000 08:06 5248473                    /lib/x86_64-linux-gnu/libm-2.19.so
7f0f2fb18000-7f0f2fb19000 rw-p 00105000 08:06 5248473                    /lib/x86_64-linux-gnu/libm-2.19.so
7f0f2fb19000-7f0f307d9000 r-xp 00000000 08:06 6950045                    /usr/lib/jvm/jdk1.8.0_91/jre/lib/amd64/server/libjvm.so
7f0f307d9000-7f0f309d9000 ---p 00cc0000 08:06 6950045                    /usr/lib/jvm/jdk1.8.0_91/jre/lib/amd64/server/libjvm.so
7f0f309d9000-7f0f30ab1000 rw-p 00cc0000 08:06 6950045                    /usr/lib/jvm/jdk1.8.0_91/jre/lib/amd64/server/libjvm.so
7f0f30ab1000-7f0f30afc000 rw-p 00000000 00:00 0 
7f0f30afc000-7f0f30cba000 r-xp 00000000 08:06 5261218                    /lib/x86_64-linux-gnu/libc-2.19.so
7f0f30cba000-7f0f30eba000 ---p 001be000 08:06 5261218                    /lib/x86_64-linux-gnu/libc-2.19.so
7f0f30eba000-7f0f30ebe000 r--p 001be000 08:06 5261218                    /lib/x86_64-linux-gnu/libc-2.19.so
7f0f30ebe000-7f0f30ec0000 rw-p 001c2000 08:06 5261218                    /lib/x86_64-linux-gnu/libc-2.19.so
7f0f30ec0000-7f0f30ec5000 rw-p 00000000 00:00 0 
7f0f30ec5000-7f0f30ec8000 r-xp 00000000 08:06 5261202                    /lib/x86_64-linux-gnu/libdl-2.19.so
7f0f30ec8000-7f0f310c7000 ---p 00003000 08:06 5261202                    /lib/x86_64-linux-gnu/libdl-2.19.so
7f0f310c7000-7f0f310c8000 r--p 00002000 08:06 5261202                    /lib/x86_64-linux-gnu/libdl-2.19.so
7f0f310c8000-7f0f310c9000 rw-p 00003000 08:06 5261202                    /lib/x86_64-linux-gnu/libdl-2.19.so
7f0f310c9000-7f0f310de000 r-xp 00000000 08:06 6294176                    /usr/lib/jvm/jdk1.8.0_91/lib/amd64/jli/libjli.so
7f0f310de000-7f0f312de000 ---p 00015000 08:06 6294176                    /usr/lib/jvm/jdk1.8.0_91/lib/amd64/jli/libjli.so
7f0f312de000-7f0f312df000 rw-p 00015000 08:06 6294176                    /usr/lib/jvm/jdk1.8.0_91/lib/amd64/jli/libjli.so
7f0f312df000-7f0f312f8000 r-xp 00000000 08:06 5256234                    /lib/x86_64-linux-gnu/libpthread-2.19.so
7f0f312f8000-7f0f314f7000 ---p 00019000 08:06 5256234                    /lib/x86_64-linux-gnu/libpthread-2.19.so
7f0f314f7000-7f0f314f8000 r--p 00018000 08:06 5256234                    /lib/x86_64-linux-gnu/libpthread-2.19.so
7f0f314f8000-7f0f314f9000 rw-p 00019000 08:06 5256234                    /lib/x86_64-linux-gnu/libpthread-2.19.so
7f0f314f9000-7f0f314fd000 rw-p 00000000 00:00 0 
7f0f314fd000-7f0f31520000 r-xp 00000000 08:06 5248476                    /lib/x86_64-linux-gnu/ld-2.19.so
7f0f31520000-7f0f31524000 r--s 00097000 08:06 6425343                    /usr/lib/jvm/jdk1.8.0_91/jre/lib/jsse.jar
7f0f31524000-7f0f31529000 r--s 00084000 08:06 6425290                    /usr/lib/jvm/jdk1.8.0_91/jre/lib/jfr.jar
7f0f31529000-7f0f3152c000 r--s 0001a000 08:06 6425349                    /usr/lib/jvm/jdk1.8.0_91/jre/lib/jce.jar
7f0f3152c000-7f0f315fd000 rw-p 00000000 00:00 0 
7f0f315fd000-7f0f31600000 ---p 00000000 00:00 0 
7f0f31600000-7f0f31702000 rw-p 00000000 00:00 0 
7f0f31702000-7f0f31704000 r--s 00007000 08:06 6425351                    /usr/lib/jvm/jdk1.8.0_91/jre/lib/jfxswt.jar
7f0f31704000-7f0f3170e000 r--s 0006c000 08:06 6425300                    /usr/lib/jvm/jdk1.8.0_91/jre/lib/javaws.jar
7f0f3170e000-7f0f31714000 r--s 002f8000 08:06 6425336                    /usr/lib/jvm/jdk1.8.0_91/jre/lib/charsets.jar
7f0f31714000-7f0f3171c000 rw-s 00000000 08:06 13122818                   /tmp/hsperfdata_snowdeng/32216
7f0f3171c000-7f0f3171d000 rw-p 00000000 00:00 0 
7f0f3171d000-7f0f3171e000 ---p 00000000 00:00 0 
7f0f3171e000-7f0f3171f000 rw-p 00000000 00:00 0 
7f0f3171f000-7f0f31720000 r--p 00022000 08:06 5248476                    /lib/x86_64-linux-gnu/ld-2.19.so
7f0f31720000-7f0f31721000 rw-p 00023000 08:06 5248476                    /lib/x86_64-linux-gnu/ld-2.19.so
7f0f31721000-7f0f31722000 rw-p 00000000 00:00 0 
7ffcccb4d000-7ffcccb70000 rw-p 00000000 00:00 0                          [stack]
7ffcccb9a000-7ffcccb9c000 r--p 00000000 00:00 0                          [vvar]
7ffcccb9c000-7ffcccb9e000 r-xp 00000000 00:00 0                          [vdso]
ffffffffff600000-ffffffffff601000 r-xp 00000000 00:00 0                  [vsyscall]

VM Arguments:
jvm_args: -XX:TieredStopAtLevel=1 -Xverify:none -Dspring.output.ansi.enabled=always -Dcom.sun.management.jmxremote -Dcom.sun.management.jmxremote.port=36773 -Dcom.sun.management.jmxremote.authenticate=false -Dcom.sun.management.jmxremote.ssl=false -Djava.rmi.server.hostname=localhost -Dspring.liveBeansView.mbeanDomain -Dspring.application.admin.enabled=true -javaagent:/opt/idea-IU-181.4203.550/lib/idea_rt.jar=35336:/opt/idea-IU-181.4203.550/bin -Dfile.encoding=UTF-8 
java_command: com.snow.config.client.ConfigClientApplication
java_class_path (initial): /usr/lib/jvm/jdk1.8.0_91/jre/lib/charsets.jar:/usr/lib/jvm/jdk1.8.0_91/jre/lib/deploy.jar:/usr/lib/jvm/jdk1.8.0_91/jre/lib/ext/cldrdata.jar:/usr/lib/jvm/jdk1.8.0_91/jre/lib/ext/dnsns.jar:/usr/lib/jvm/jdk1.8.0_91/jre/lib/ext/jaccess.jar:/usr/lib/jvm/jdk1.8.0_91/jre/lib/ext/jfxrt.jar:/usr/lib/jvm/jdk1.8.0_91/jre/lib/ext/localedata.jar:/usr/lib/jvm/jdk1.8.0_91/jre/lib/ext/nashorn.jar:/usr/lib/jvm/jdk1.8.0_91/jre/lib/ext/sunec.jar:/usr/lib/jvm/jdk1.8.0_91/jre/lib/ext/sunjce_provider.jar:/usr/lib/jvm/jdk1.8.0_91/jre/lib/ext/sunpkcs11.jar:/usr/lib/jvm/jdk1.8.0_91/jre/lib/ext/zipfs.jar:/usr/lib/jvm/jdk1.8.0_91/jre/lib/javaws.jar:/usr/lib/jvm/jdk1.8.0_91/jre/lib/jce.jar:/usr/lib/jvm/jdk1.8.0_91/jre/lib/jfr.jar:/usr/lib/jvm/jdk1.8.0_91/jre/lib/jfxswt.jar:/usr/lib/jvm/jdk1.8.0_91/jre/lib/jsse.jar:/usr/lib/jvm/jdk1.8.0_91/jre/lib/management-agent.jar:/usr/lib/jvm/jdk1.8.0_91/jre/lib/plugin.jar:/usr/lib/jvm/jdk1.8.0_91/jre/lib/resources.jar:/usr/lib/jvm/jdk1.8.0_91/jre/lib/rt.jar:/home/snowdeng/Work/IDEA/eureka/config-client/target/classes:/home/snowdeng/.m2/repository/org/springframework/cloud/spring-cloud-starter-config/2.0.0.M9/spring-cloud-starter-config-2.0.0.M9.jar:/home/snowdeng/.m2/repository/org/springframework/cloud/spring-cloud-starter/2.0.0.M9/spring-cloud-starter-2.0.0.M9.jar:/home/snowdeng/.m2/repository/org/springframework/cloud/spring-cloud-context/2.0.0.M9/spring-cloud-context-2.0.0.M9.jar:/home/snowdeng/.m2/repository/org/springframework/security/spring-security-crypto/5.0.3.RELEASE/spring-security-crypto-5.0.3.RELEASE.jar:/home/snowdeng/.m2/repository/org/springframework/cloud/spring-cloud-commons/2.0.0.M9/spring-cloud-commons-2.0.0.M9.jar:/home/snowdeng/.m2/repository/org/apache/httpcomponents/httpclient/4.5.5/httpclient-4.5.5.jar:/home/snowdeng/.m2/repository/org/apache/httpcomponents/httpcore/4.4.9/httpcore-4.4.9.jar:/home/snowdeng/.m2/repository/commons-codec/commons-codec/1.11/commons-codec-1.11.jar:/home/snowdeng/.m2/reposit
Launcher Type: SUN_STANDARD

Environment Variables:
JAVA_HOME=/usr/lib/jvm/jdk1.8.0_91/
JRE_HOME=/usr/lib/jvm/jdk1.8.0_91/jre
CLASSPATH=/opt/idea-IU-181.4203.550/lib/bootstrap.jar:/opt/idea-IU-181.4203.550/lib/extensions.jar:/opt/idea-IU-181.4203.550/lib/util.jar:/opt/idea-IU-181.4203.550/lib/jdom.jar:/opt/idea-IU-181.4203.550/lib/log4j.jar:/opt/idea-IU-181.4203.550/lib/trove4j.jar:/opt/idea-IU-181.4203.550/lib/jna.jar:/opt/idea-IU-181.4203.550/jre64/lib/tools.jar
PATH=/opt/sybase/ASE-16_0/jobscheduler/bin:/opt/sybase/ASE-16_0/bin:/opt/sybase/ASE-16_0/install:/opt/sybase/COCKPIT-4/bin:/opt/sybase/OCS-16_0/bin:/usr/local/sbin:/usr/local/bin:/usr/sbin:/usr/bin:/sbin:/bin:/usr/games:/usr/local/games:/usr/lib/jvm/jdk1.8.0_91//bin:/usr/lib/jvm/jdk1.8.0_91/jre/bin
LD_LIBRARY_PATH=/opt/sybase/ASE-16_0/lib:/opt/sybase/DataAccess64/ODBC/lib:/opt/sybase/DataAccess/ODBC/lib:/opt/sybase/OCS-16_0/lib:/opt/sybase/OCS-16_0/lib3p64:/opt/sybase/OCS-16_0/lib3p:
SHELL=/bin/bash
DISPLAY=:0

Signal Handlers:
SIGSEGV: [libjvm.so+0xabca10], sa_mask[0]=11111111011111111101111111111110, sa_flags=SA_RESTART|SA_SIGINFO
SIGBUS: [libjvm.so+0xabca10], sa_mask[0]=11111111011111111101111111111110, sa_flags=SA_RESTART|SA_SIGINFO
SIGFPE: [libjvm.so+0x919a20], sa_mask[0]=11111111011111111101111111111110, sa_flags=SA_RESTART|SA_SIGINFO
SIGPIPE: [libjvm.so+0x919a20], sa_mask[0]=11111111011111111101111111111110, sa_flags=SA_RESTART|SA_SIGINFO
SIGXFSZ: [libjvm.so+0x919a20], sa_mask[0]=11111111011111111101111111111110, sa_flags=SA_RESTART|SA_SIGINFO
SIGILL: [libjvm.so+0x919a20], sa_mask[0]=11111111011111111101111111111110, sa_flags=SA_RESTART|SA_SIGINFO
SIGUSR1: SIG_DFL, sa_mask[0]=00000000000000000000000000000000, sa_flags=none
SIGUSR2: [libjvm.so+0x91b050], sa_mask[0]=00100000000000000000000000000000, sa_flags=SA_RESTART|SA_SIGINFO
SIGHUP: SIG_IGN, sa_mask[0]=00000000000000000000000000000000, sa_flags=none
SIGINT: [libjvm.so+0x91c450], sa_mask[0]=11111111011111111101111111111110, sa_flags=SA_RESTART|SA_SIGINFO
SIGTERM: [libjvm.so+0x91c450], sa_mask[0]=11111111011111111101111111111110, sa_flags=SA_RESTART|SA_SIGINFO
SIGQUIT: [libjvm.so+0x91c450], sa_mask[0]=11111111011111111101111111111110, sa_flags=SA_RESTART|SA_SIGINFO


---------------  S Y S T E M  ---------------

OS:DISTRIB_ID=Ubuntu
DISTRIB_RELEASE=14.04
DISTRIB_CODENAME=trusty
DISTRIB_DESCRIPTION="Ubuntu 14.04.5 LTS"

uname:Linux 4.4.0-1006-aws #6-Ubuntu SMP Mon Dec 11 14:48:50 UTC 2017 x86_64
libc:glibc 2.19 NPTL 2.19 
rlimit: STACK 8192k, CORE 0k, NPROC 31479, NOFILE 4096, AS infinity
load average:42.44 12.77 4.87

/proc/meminfo:
MemTotal:        8081952 kB
MemFree:          125600 kB
MemAvailable:      55872 kB
Buffers:             612 kB
Cached:           239324 kB
SwapCached:         1992 kB
Active:          6111688 kB
Inactive:        1402236 kB
Active(anon):    6099584 kB
Inactive(anon):  1392484 kB
Active(file):      12104 kB
Inactive(file):     9752 kB
Unevictable:        1668 kB
Mlocked:            1668 kB
SwapTotal:       8292348 kB
SwapFree:             16 kB
Dirty:                28 kB
Writeback:             0 kB
AnonPages:       7275964 kB
Mapped:            49148 kB
Shmem:            217036 kB
Slab:             176380 kB
SReclaimable:     110560 kB
SUnreclaim:        65820 kB
KernelStack:       28624 kB
PageTables:       132120 kB
NFS_Unstable:          0 kB
Bounce:                0 kB
WritebackTmp:          0 kB
CommitLimit:    12333324 kB
Committed_AS:   31828860 kB
VmallocTotal:   34359738367 kB
VmallocUsed:           0 kB
VmallocChunk:          0 kB
HardwareCorrupted:     0 kB
AnonHugePages:   1187840 kB
CmaTotal:              0 kB
CmaFree:               0 kB
HugePages_Total:       0
HugePages_Free:        0
HugePages_Rsvd:        0
HugePages_Surp:        0
Hugepagesize:       2048 kB
DirectMap4k:      338472 kB
DirectMap2M:     7956480 kB
DirectMap1G:           0 kB


CPU:total 4 (4 cores per cpu, 1 threads per core) family 6 model 60 stepping 3, cmov, cx8, fxsr, mmx, sse, sse2, sse3, ssse3, sse4.1, sse4.2, popcnt, avx, avx2, aes, clmul, erms, lzcnt, tsc, tscinvbit, bmi1, bmi2

/proc/cpuinfo:
processor	: 0
vendor_id	: GenuineIntel
cpu family	: 6
model		: 60
model name	: Intel(R) Core(TM) i5-4590 CPU @ 3.30GHz
stepping	: 3
microcode	: 0x1c
cpu MHz		: 3424.136
cache size	: 6144 KB
physical id	: 0
siblings	: 4
core id		: 0
cpu cores	: 4
apicid		: 0
initial apicid	: 0
fpu		: yes
fpu_exception	: yes
cpuid level	: 13
wp		: yes
flags		: fpu vme de pse tsc msr pae mce cx8 apic sep mtrr pge mca cmov pat pse36 clflush dts acpi mmx fxsr sse sse2 ss ht tm pbe syscall nx pdpe1gb rdtscp lm constant_tsc arch_perfmon pebs bts rep_good nopl xtopology nonstop_tsc aperfmperf eagerfpu pni pclmulqdq dtes64 monitor ds_cpl vmx smx est tm2 ssse3 sdbg fma cx16 xtpr pdcm pcid sse4_1 sse4_2 x2apic movbe popcnt tsc_deadline_timer aes xsave avx f16c rdrand lahf_lm abm epb tpr_shadow vnmi flexpriority ept vpid fsgsbase tsc_adjust bmi1 avx2 smep bmi2 erms invpcid xsaveopt dtherm ida arat pln pts
bugs		:
bogomips	: 6584.95
clflush size	: 64
cache_alignment	: 64
address sizes	: 39 bits physical, 48 bits virtual
power management:

processor	: 1
vendor_id	: GenuineIntel
cpu family	: 6
model		: 60
model name	: Intel(R) Core(TM) i5-4590 CPU @ 3.30GHz
stepping	: 3
microcode	: 0x1c
cpu MHz		: 3388.300
cache size	: 6144 KB
physical id	: 0
siblings	: 4
core id		: 1
cpu cores	: 4
apicid		: 2
initial apicid	: 2
fpu		: yes
fpu_exception	: yes
cpuid level	: 13
wp		: yes
flags		: fpu vme de pse tsc msr pae mce cx8 apic sep mtrr pge mca cmov pat pse36 clflush dts acpi mmx fxsr sse sse2 ss ht tm pbe syscall nx pdpe1gb rdtscp lm constant_tsc arch_perfmon pebs bts rep_good nopl xtopology nonstop_tsc aperfmperf eagerfpu pni pclmulqdq dtes64 monitor ds_cpl vmx smx est tm2 ssse3 sdbg fma cx16 xtpr pdcm pcid sse4_1 sse4_2 x2apic movbe popcnt tsc_deadline_timer aes xsave avx f16c rdrand lahf_lm abm epb tpr_shadow vnmi flexpriority ept vpid fsgsbase tsc_adjust bmi1 avx2 smep bmi2 erms invpcid xsaveopt dtherm ida arat pln pts
bugs		:
bogomips	: 6584.95
clflush size	: 64
cache_alignment	: 64
address sizes	: 39 bits physical, 48 bits virtual
power management:

processor	: 2
vendor_id	: GenuineIntel
cpu family	: 6
model		: 60
model name	: Intel(R) Core(TM) i5-4590 CPU @ 3.30GHz
stepping	: 3
microcode	: 0x1c
cpu MHz		: 3426.585
cache size	: 6144 KB
physical id	: 0
siblings	: 4
core id		: 2
cpu cores	: 4
apicid		: 4
initial apicid	: 4
fpu		: yes
fpu_exception	: yes
cpuid level	: 13
wp		: yes
flags		: fpu vme de pse tsc msr pae mce cx8 apic sep mtrr pge mca cmov pat pse36 clflush dts acpi mmx fxsr sse sse2 ss ht tm pbe syscall nx pdpe1gb rdtscp lm constant_tsc arch_perfmon pebs bts rep_good nopl xtopology nonstop_tsc aperfmperf eagerfpu pni pclmulqdq dtes64 monitor ds_cpl vmx smx est tm2 ssse3 sdbg fma cx16 xtpr pdcm pcid sse4_1 sse4_2 x2apic movbe popcnt tsc_deadline_timer aes xsave avx f16c rdrand lahf_lm abm epb tpr_shadow vnmi flexpriority ept vpid fsgsbase tsc_adjust bmi1 avx2 smep bmi2 erms invpcid xsaveopt dtherm ida arat pln pts
bugs		:
bogomips	: 6584.95
clflush size	: 64
cache_alignment	: 64
address sizes	: 39 bits physical, 48 bits virtual
power management:

processor	: 3
vendor_id	: GenuineIntel
cpu family	: 6
model		: 60
model name	: Intel(R) Core(TM) i5-4590 CPU @ 3.30GHz
stepping	: 3
microcode	: 0x1c
cpu MHz		: 3354.914
cache size	: 6144 KB
physical id	: 0
siblings	: 4
core id		: 3
cpu cores	: 4
apicid		: 6
initial apicid	: 6
fpu		: yes
fpu_exception	: yes
cpuid level	: 13
wp		: yes
flags		: fpu vme de pse tsc msr pae mce cx8 apic sep mtrr pge mca cmov pat pse36 clflush dts acpi mmx fxsr sse sse2 ss ht tm pbe syscall nx pdpe1gb rdtscp lm constant_tsc arch_perfmon pebs bts rep_good nopl xtopology nonstop_tsc aperfmperf eagerfpu pni pclmulqdq dtes64 monitor ds_cpl vmx smx est tm2 ssse3 sdbg fma cx16 xtpr pdcm pcid sse4_1 sse4_2 x2apic movbe popcnt tsc_deadline_timer aes xsave avx f16c rdrand lahf_lm abm epb tpr_shadow vnmi flexpriority ept vpid fsgsbase tsc_adjust bmi1 avx2 smep bmi2 erms invpcid xsaveopt dtherm ida arat pln pts
bugs		:
bogomips	: 6584.95
clflush size	: 64
cache_alignment	: 64
address sizes	: 39 bits physical, 48 bits virtual
power management:



Memory: 4k page, physical 8081952k(126208k free), swap 8292348k(0k free)

vm_info: Java HotSpot(TM) 64-Bit Server VM (25.91-b14) for linux-amd64 JRE (1.8.0_91-b14), built on Apr  1 2016 00:57:21 by "java_re" with gcc 4.3.0 20080428 (Red Hat 4.3.0-8)

time: Wed Apr 18 19:48:54 2018
elapsed time: 85 seconds (0d 0h 1m 25s)

